Using pre-set license

 COMMAND LINE ARGUMENTS:
/Applications/Unity/Hub/Editor/2021.2.0a5/Unity.app/Contents/MacOS/Unity
-adb2
-batchMode
-noUpm
-name
AssetImportWorker0
-projectPath
/Users/jonathanperry/VideoGames/Unity-Dialog-System
-logFile
Logs/AssetImportWorker0.log
-srvPort
59969
Successfully changed project path to: /Users/jonathanperry/VideoGames/Unity-Dialog-System
/Users/jonathanperry/VideoGames/Unity-Dialog-System
Using Asset Import Pipeline V2.
Refreshing native plugins compatible for Editor in 29.85 ms, found 1 plugins.
Preloading 0 native plugins for Editor in 0.00 ms.
Initialize engine version: 2021.2.0a5 (4a734693b889)
[Subsystems] Discovering subsystems at path /Applications/Unity/Hub/Editor/2021.2.0a5/Unity.app/Contents/Resources/UnitySubsystems
[Subsystems] Discovering subsystems at path /Users/jonathanperry/VideoGames/Unity-Dialog-System/Assets
GfxDevice: creating device client; threaded=0; jobified=0
Color LCD preferred device: Intel(R) Iris(TM) Plus Graphics 640 (low power)
Metal devices available: 1
0: Intel(R) Iris(TM) Plus Graphics 640 (low power)
Using device Intel(R) Iris(TM) Plus Graphics 640 (low power)
Initializing Metal device caps: Intel(R) Iris(TM) Plus Graphics 640
Initialize mono
Mono path[0] = '/Applications/Unity/Hub/Editor/2021.2.0a5/Unity.app/Contents/Managed'
Mono path[1] = '/Applications/Unity/Hub/Editor/2021.2.0a5/Unity.app/Contents/MonoBleedingEdge/lib/mono/unityjit'
Mono config path = '/Applications/Unity/Hub/Editor/2021.2.0a5/Unity.app/Contents/MonoBleedingEdge/etc'
Using monoOptions --debugger-agent=transport=dt_socket,embedding=1,server=y,suspend=n,address=127.0.0.1:56484
Begin MonoManager ReloadAssembly
Registering precompiled unity dll's ...
Register platform support module: /Applications/Unity/Hub/Editor/2021.2.0a5/Unity.app/Contents/PlaybackEngines/MacStandaloneSupport/UnityEditor.OSXStandalone.Extensions.dll
Registered in 0.003866 seconds.
Native extension for OSXStandalone target not found
Refreshing native plugins compatible for Editor in 25.37 ms, found 1 plugins.
Preloading 0 native plugins for Editor in 0.00 ms.
Mono: successfully reloaded assembly
- Completed reload, in  2.697 seconds
Platform modules already initialized, skipping
Registering precompiled user dll's ...
Registered in 0.001100 seconds.
Begin MonoManager ReloadAssembly
Native extension for OSXStandalone target not found
Refreshing native plugins compatible for Editor in 0.23 ms, found 1 plugins.
Preloading 0 native plugins for Editor in 0.00 ms.
Mono: successfully reloaded assembly
- Completed reload, in  1.191 seconds
Platform modules already initialized, skipping
========================================================================
Worker process is ready to serve import requests
Launching external process: /Applications/Unity/Hub/Editor/2021.2.0a5/Unity.app/Contents/Tools/UnityShaderCompiler
Launched and connected shader compiler UnityShaderCompiler after 0.03 seconds
Refreshing native plugins compatible for Editor in 0.25 ms, found 1 plugins.
Preloading 0 native plugins for Editor in 0.00 ms.
Unloading 1232 Unused Serialized files (Serialized files now loaded: 0)
System memory in use before: 130.3 MB.
System memory in use after: 130.3 MB.

Unloading 11 unused Assets to reduce memory usage. Loaded Objects now: 1690.
Total: 1.943252 ms (FindLiveObjects: 0.126814 ms CreateObjectMapping: 0.036513 ms MarkObjects: 1.691962 ms  DeleteObjects: 0.087079 ms)

========================================================================
Received Import Request.
  path: Assets/Environment/Scenes/Main.unity
  artifactKey: Guid(3f391458726ae43f8aaf06a575708722) Importer(815301076,1909f56bfc062723c751e8b465ee728b)
Start importing Assets/Environment/Scenes/Main.unity using Guid(3f391458726ae43f8aaf06a575708722) Importer(815301076,1909f56bfc062723c751e8b465ee728b)  -> (artifact id: '4a7e1623293beff571f7135f6b47acc0') in 0.012938 seconds 
========================================================================
Received Import Request.
  Time since last request: 358.308509 seconds.
  path: Assets/Environment/Scripts/Dialog.cs
  artifactKey: Guid(8cca7722ad8fc4f24b477ee025167bda) Importer(815301076,1909f56bfc062723c751e8b465ee728b)
Start importing Assets/Environment/Scripts/Dialog.cs using Guid(8cca7722ad8fc4f24b477ee025167bda) Importer(815301076,1909f56bfc062723c751e8b465ee728b)  -> (artifact id: 'f25b78fb0ffde18075b47cd5bc63b28f') in 0.777530 seconds 
========================================================================
Received Import Request.
  Time since last request: 16.634451 seconds.
  path: Assets/Environment/Scripts/DialogManager.cs
  artifactKey: Guid(23b109699a0cd4b02b557ad0d8080cb2) Importer(815301076,1909f56bfc062723c751e8b465ee728b)
Start importing Assets/Environment/Scripts/DialogManager.cs using Guid(23b109699a0cd4b02b557ad0d8080cb2) Importer(815301076,1909f56bfc062723c751e8b465ee728b)  -> (artifact id: '5326f74cbbc5341efe1ba4618ad53ffb') in 0.008930 seconds 
========================================================================
Received Prepare
Registering precompiled user dll's ...
Registered in 0.000443 seconds.
Begin MonoManager ReloadAssembly
Native extension for OSXStandalone target not found
Refreshing native plugins compatible for Editor in 0.23 ms, found 1 plugins.
Preloading 0 native plugins for Editor in 0.00 ms.
Mono: successfully reloaded assembly
- Completed reload, in  1.114 seconds
Platform modules already initialized, skipping
Refreshing native plugins compatible for Editor in 0.25 ms, found 1 plugins.
Preloading 0 native plugins for Editor in 0.00 ms.
Unloading 1167 Unused Serialized files (Serialized files now loaded: 0)
System memory in use before: 128.9 MB.
System memory in use after: 128.9 MB.

Unloading 6 unused Assets to reduce memory usage. Loaded Objects now: 1692.
Total: 2.449020 ms (FindLiveObjects: 0.120522 ms CreateObjectMapping: 0.037948 ms MarkObjects: 2.216903 ms  DeleteObjects: 0.072729 ms)

========================================================================
Received Prepare
Registering precompiled user dll's ...
Registered in 0.000524 seconds.
Begin MonoManager ReloadAssembly
Native extension for OSXStandalone target not found
Refreshing native plugins compatible for Editor in 0.23 ms, found 1 plugins.
Preloading 0 native plugins for Editor in 0.00 ms.
Mono: successfully reloaded assembly
- Completed reload, in  1.059 seconds
Platform modules already initialized, skipping
Refreshing native plugins compatible for Editor in 0.42 ms, found 1 plugins.
Preloading 0 native plugins for Editor in 0.00 ms.
Unloading 1167 Unused Serialized files (Serialized files now loaded: 0)
System memory in use before: 129.3 MB.
System memory in use after: 129.3 MB.

Unloading 6 unused Assets to reduce memory usage. Loaded Objects now: 1694.
Total: 1.972941 ms (FindLiveObjects: 0.131415 ms CreateObjectMapping: 0.032253 ms MarkObjects: 1.744671 ms  DeleteObjects: 0.063670 ms)

========================================================================
Received Prepare
Registering precompiled user dll's ...
Registered in 0.000615 seconds.
Begin MonoManager ReloadAssembly
Native extension for OSXStandalone target not found
Refreshing native plugins compatible for Editor in 0.33 ms, found 1 plugins.
Preloading 0 native plugins for Editor in 0.00 ms.
Mono: successfully reloaded assembly
- Completed reload, in  1.242 seconds
Platform modules already initialized, skipping
Refreshing native plugins compatible for Editor in 0.24 ms, found 1 plugins.
Preloading 0 native plugins for Editor in 0.00 ms.
Unloading 1167 Unused Serialized files (Serialized files now loaded: 0)
System memory in use before: 129.6 MB.
System memory in use after: 129.6 MB.

Unloading 6 unused Assets to reduce memory usage. Loaded Objects now: 1696.
Total: 1.799312 ms (FindLiveObjects: 0.117215 ms CreateObjectMapping: 0.037562 ms MarkObjects: 1.601430 ms  DeleteObjects: 0.042163 ms)

========================================================================
Received Prepare
Registering precompiled user dll's ...
Registered in 0.000377 seconds.
Begin MonoManager ReloadAssembly
Native extension for OSXStandalone target not found
Refreshing native plugins compatible for Editor in 0.44 ms, found 1 plugins.
Preloading 0 native plugins for Editor in 0.00 ms.
Mono: successfully reloaded assembly
- Completed reload, in  1.480 seconds
Platform modules already initialized, skipping
Refreshing native plugins compatible for Editor in 0.26 ms, found 1 plugins.
Preloading 0 native plugins for Editor in 0.00 ms.
Unloading 1168 Unused Serialized files (Serialized files now loaded: 0)
System memory in use before: 129.9 MB.
System memory in use after: 129.9 MB.

Unloading 6 unused Assets to reduce memory usage. Loaded Objects now: 1699.
Total: 1.868312 ms (FindLiveObjects: 0.126643 ms CreateObjectMapping: 0.039011 ms MarkObjects: 1.652127 ms  DeleteObjects: 0.049435 ms)

========================================================================
Received Import Request.
  Time since last request: 180.611318 seconds.
  path: Assets/Scripts/NewBehaviourScript.cs
  artifactKey: Guid(66b1ee4cdfec34b299b15b684d52b927) Importer(815301076,1909f56bfc062723c751e8b465ee728b)
Start importing Assets/Scripts/NewBehaviourScript.cs using Guid(66b1ee4cdfec34b299b15b684d52b927) Importer(815301076,1909f56bfc062723c751e8b465ee728b)  -> (artifact id: 'c60225277ef23d692edb00897a72fed8') in 0.005817 seconds 
========================================================================
Received Import Request.
  Time since last request: 105.861028 seconds.
  path: Assets/Scripts/DialogTrigger.cs
  artifactKey: Guid(0d5ec3db2121941d8b35f39785acfbef) Importer(815301076,1909f56bfc062723c751e8b465ee728b)
Start importing Assets/Scripts/DialogTrigger.cs using Guid(0d5ec3db2121941d8b35f39785acfbef) Importer(815301076,1909f56bfc062723c751e8b465ee728b)  -> (artifact id: 'a0bf355bbcc51d90119d47371568635d') in 0.005154 seconds 
========================================================================
Received Prepare
Registering precompiled user dll's ...
Registered in 0.000658 seconds.
Begin MonoManager ReloadAssembly
Native extension for OSXStandalone target not found
Refreshing native plugins compatible for Editor in 0.28 ms, found 1 plugins.
Preloading 0 native plugins for Editor in 0.00 ms.
Mono: successfully reloaded assembly
- Completed reload, in  1.043 seconds
Platform modules already initialized, skipping
Refreshing native plugins compatible for Editor in 0.28 ms, found 1 plugins.
Preloading 0 native plugins for Editor in 0.00 ms.
Unloading 1168 Unused Serialized files (Serialized files now loaded: 0)
System memory in use before: 130.2 MB.
System memory in use after: 130.2 MB.

Unloading 7 unused Assets to reduce memory usage. Loaded Objects now: 1701.
Total: 1.925394 ms (FindLiveObjects: 0.131629 ms CreateObjectMapping: 0.040753 ms MarkObjects: 1.704733 ms  DeleteObjects: 0.047377 ms)

========================================================================
Received Import Request.
  Time since last request: 30.258470 seconds.
  path: Assets/Environment/Standard Assets/Effects
  artifactKey: Guid(3f61255d61c254744903e2bec0f9a77f) Importer(815301076,1909f56bfc062723c751e8b465ee728b)
Start importing Assets/Environment/Standard Assets/Effects using Guid(3f61255d61c254744903e2bec0f9a77f) Importer(815301076,1909f56bfc062723c751e8b465ee728b)  -> (artifact id: '5b0a513e8e2cf7d736391660a62be4db') in 0.004710 seconds 
========================================================================
Received Import Request.
  Time since last request: 6.449215 seconds.
  path: Assets/Environment/Standard Assets/Effects/ImageEffects/Shaders/_DepthOfField/SeparableWeightedBlurDof34.shader
  artifactKey: Guid(bb4af680337344a4abad65a4e8873c50) Importer(815301076,1909f56bfc062723c751e8b465ee728b)
Start importing Assets/Environment/Standard Assets/Effects/ImageEffects/Shaders/_DepthOfField/SeparableWeightedBlurDof34.shader using Guid(bb4af680337344a4abad65a4e8873c50) Importer(815301076,1909f56bfc062723c751e8b465ee728b)  -> (artifact id: '6bf526475e3addc451052a2294492f76') in 1.909265 seconds 
========================================================================
Received Import Request.
  Time since last request: 4.586278 seconds.
  path: Assets/Environment/Standard Assets/Effects/ImageEffects/Shaders/_DepthOfField/TiltShiftHdrLensBlur.shader
  artifactKey: Guid(bf34d2a25450349699e8ae6456fa7ca9) Importer(815301076,1909f56bfc062723c751e8b465ee728b)
Start importing Assets/Environment/Standard Assets/Effects/ImageEffects/Shaders/_DepthOfField/TiltShiftHdrLensBlur.shader using Guid(bf34d2a25450349699e8ae6456fa7ca9) Importer(815301076,1909f56bfc062723c751e8b465ee728b)  -> (artifact id: '402cb01a5f7758a6aaa85af0c0c6b418') in 0.004932 seconds 
========================================================================
Received Prepare
Registering precompiled user dll's ...
Registered in 0.000446 seconds.
Begin MonoManager ReloadAssembly
Native extension for OSXStandalone target not found
Refreshing native plugins compatible for Editor in 0.23 ms, found 1 plugins.
Preloading 0 native plugins for Editor in 0.00 ms.
Mono: successfully reloaded assembly
- Completed reload, in  1.097 seconds
Platform modules already initialized, skipping
Refreshing native plugins compatible for Editor in 0.28 ms, found 1 plugins.
Preloading 0 native plugins for Editor in 0.00 ms.
Unloading 1168 Unused Serialized files (Serialized files now loaded: 0)
System memory in use before: 134.8 MB.
System memory in use after: 134.8 MB.

Unloading 6 unused Assets to reduce memory usage. Loaded Objects now: 1703.
Total: 1.836681 ms (FindLiveObjects: 0.130171 ms CreateObjectMapping: 0.041157 ms MarkObjects: 1.620226 ms  DeleteObjects: 0.044260 ms)

========================================================================
Received Import Request.
  Time since last request: 56.242600 seconds.
  path: Assets/Scripts/DialogTrigger.cs
  artifactKey: Guid(0d5ec3db2121941d8b35f39785acfbef) Importer(815301076,1909f56bfc062723c751e8b465ee728b)
Start importing Assets/Scripts/DialogTrigger.cs using Guid(0d5ec3db2121941d8b35f39785acfbef) Importer(815301076,1909f56bfc062723c751e8b465ee728b)  -> (artifact id: '093e41b00c35bb1397a89266aadbc280') in 0.006079 seconds 
========================================================================
Received Prepare
Registering precompiled user dll's ...
Registered in 0.000839 seconds.
Begin MonoManager ReloadAssembly
Native extension for OSXStandalone target not found
Refreshing native plugins compatible for Editor in 0.24 ms, found 1 plugins.
Preloading 0 native plugins for Editor in 0.00 ms.
Mono: successfully reloaded assembly
- Completed reload, in  1.115 seconds
Platform modules already initialized, skipping
Refreshing native plugins compatible for Editor in 0.27 ms, found 1 plugins.
Preloading 0 native plugins for Editor in 0.00 ms.
Unloading 1168 Unused Serialized files (Serialized files now loaded: 0)
System memory in use before: 135.1 MB.
System memory in use after: 135.1 MB.

Unloading 6 unused Assets to reduce memory usage. Loaded Objects now: 1705.
Total: 2.105141 ms (FindLiveObjects: 0.133940 ms CreateObjectMapping: 0.033344 ms MarkObjects: 1.872128 ms  DeleteObjects: 0.064701 ms)

========================================================================
Received Prepare
Registering precompiled user dll's ...
Registered in 0.000375 seconds.
Begin MonoManager ReloadAssembly
Native extension for OSXStandalone target not found
Refreshing native plugins compatible for Editor in 0.24 ms, found 1 plugins.
Preloading 0 native plugins for Editor in 0.00 ms.
Mono: successfully reloaded assembly
- Completed reload, in  1.398 seconds
Platform modules already initialized, skipping
Refreshing native plugins compatible for Editor in 0.26 ms, found 1 plugins.
Preloading 0 native plugins for Editor in 0.00 ms.
Unloading 1168 Unused Serialized files (Serialized files now loaded: 0)
System memory in use before: 135.3 MB.
System memory in use after: 135.4 MB.

Unloading 6 unused Assets to reduce memory usage. Loaded Objects now: 1707.
Total: 3.121857 ms (FindLiveObjects: 0.292027 ms CreateObjectMapping: 0.131452 ms MarkObjects: 2.648684 ms  DeleteObjects: 0.048079 ms)

========================================================================
Received Prepare
Registering precompiled user dll's ...
Registered in 0.000430 seconds.
Begin MonoManager ReloadAssembly
Native extension for OSXStandalone target not found
Refreshing native plugins compatible for Editor in 0.23 ms, found 1 plugins.
Preloading 0 native plugins for Editor in 0.00 ms.
Mono: successfully reloaded assembly
- Completed reload, in  1.257 seconds
Platform modules already initialized, skipping
Refreshing native plugins compatible for Editor in 0.24 ms, found 1 plugins.
Preloading 0 native plugins for Editor in 0.00 ms.
Unloading 1168 Unused Serialized files (Serialized files now loaded: 0)
System memory in use before: 135.6 MB.
System memory in use after: 135.7 MB.

Unloading 6 unused Assets to reduce memory usage. Loaded Objects now: 1709.
Total: 1.855088 ms (FindLiveObjects: 0.133035 ms CreateObjectMapping: 0.041546 ms MarkObjects: 1.594901 ms  DeleteObjects: 0.084801 ms)

========================================================================
Received Import Request.
  Time since last request: 556.862264 seconds.
  path: Assets/Scripts/DialogManager.cs
  artifactKey: Guid(23b109699a0cd4b02b557ad0d8080cb2) Importer(815301076,1909f56bfc062723c751e8b465ee728b)
Start importing Assets/Scripts/DialogManager.cs using Guid(23b109699a0cd4b02b557ad0d8080cb2) Importer(815301076,1909f56bfc062723c751e8b465ee728b)  -> (artifact id: '28ffcdc05656a93df88239e4d1a0a5b5') in 0.010515 seconds 
========================================================================
Received Prepare
Registering precompiled user dll's ...
Registered in 0.000437 seconds.
Begin MonoManager ReloadAssembly
Native extension for OSXStandalone target not found
Refreshing native plugins compatible for Editor in 0.32 ms, found 1 plugins.
Preloading 0 native plugins for Editor in 0.00 ms.
Mono: successfully reloaded assembly
- Completed reload, in  1.191 seconds
Platform modules already initialized, skipping
Refreshing native plugins compatible for Editor in 0.26 ms, found 1 plugins.
Preloading 0 native plugins for Editor in 0.00 ms.
Unloading 1168 Unused Serialized files (Serialized files now loaded: 0)
System memory in use before: 136.0 MB.
System memory in use after: 136.0 MB.

Unloading 6 unused Assets to reduce memory usage. Loaded Objects now: 1711.
Total: 1.938328 ms (FindLiveObjects: 0.136333 ms CreateObjectMapping: 0.042617 ms MarkObjects: 1.710346 ms  DeleteObjects: 0.047924 ms)

========================================================================
Received Prepare
Registering precompiled user dll's ...
Registered in 0.001435 seconds.
Begin MonoManager ReloadAssembly
Native extension for OSXStandalone target not found
Refreshing native plugins compatible for Editor in 0.30 ms, found 1 plugins.
Preloading 0 native plugins for Editor in 0.00 ms.
Mono: successfully reloaded assembly
- Completed reload, in  1.492 seconds
Platform modules already initialized, skipping
Refreshing native plugins compatible for Editor in 0.29 ms, found 1 plugins.
Preloading 0 native plugins for Editor in 0.00 ms.
Unloading 1168 Unused Serialized files (Serialized files now loaded: 0)
System memory in use before: 136.3 MB.
System memory in use after: 136.3 MB.

Unloading 6 unused Assets to reduce memory usage. Loaded Objects now: 1713.
Total: 1.969354 ms (FindLiveObjects: 0.172230 ms CreateObjectMapping: 0.036785 ms MarkObjects: 1.687792 ms  DeleteObjects: 0.071615 ms)

========================================================================
Received Prepare
Registering precompiled user dll's ...
Registered in 0.000430 seconds.
Begin MonoManager ReloadAssembly
Native extension for OSXStandalone target not found
Refreshing native plugins compatible for Editor in 0.25 ms, found 1 plugins.
Preloading 0 native plugins for Editor in 0.00 ms.
Mono: successfully reloaded assembly
- Completed reload, in  1.083 seconds
Platform modules already initialized, skipping
Refreshing native plugins compatible for Editor in 0.26 ms, found 1 plugins.
Preloading 0 native plugins for Editor in 0.00 ms.
Unloading 1168 Unused Serialized files (Serialized files now loaded: 0)
System memory in use before: 136.6 MB.
System memory in use after: 136.6 MB.

Unloading 6 unused Assets to reduce memory usage. Loaded Objects now: 1715.
Total: 2.013442 ms (FindLiveObjects: 0.117117 ms CreateObjectMapping: 0.038744 ms MarkObjects: 1.810517 ms  DeleteObjects: 0.046023 ms)

========================================================================
Received Prepare
Registering precompiled user dll's ...
Registered in 0.000459 seconds.
Begin MonoManager ReloadAssembly
Native extension for OSXStandalone target not found
Refreshing native plugins compatible for Editor in 0.34 ms, found 1 plugins.
Preloading 0 native plugins for Editor in 0.00 ms.
Mono: successfully reloaded assembly
- Completed reload, in  1.075 seconds
Platform modules already initialized, skipping
Refreshing native plugins compatible for Editor in 0.24 ms, found 1 plugins.
Preloading 0 native plugins for Editor in 0.00 ms.
Unloading 1168 Unused Serialized files (Serialized files now loaded: 0)
System memory in use before: 136.9 MB.
System memory in use after: 136.9 MB.

Unloading 6 unused Assets to reduce memory usage. Loaded Objects now: 1717.
Total: 1.820570 ms (FindLiveObjects: 0.116672 ms CreateObjectMapping: 0.033588 ms MarkObjects: 1.612075 ms  DeleteObjects: 0.057326 ms)

========================================================================
Received Prepare
Registering precompiled user dll's ...
Registered in 0.000729 seconds.
Begin MonoManager ReloadAssembly
Native extension for OSXStandalone target not found
Refreshing native plugins compatible for Editor in 0.25 ms, found 1 plugins.
Preloading 0 native plugins for Editor in 0.00 ms.
Mono: successfully reloaded assembly
- Completed reload, in  1.541 seconds
Platform modules already initialized, skipping
Refreshing native plugins compatible for Editor in 0.25 ms, found 1 plugins.
Preloading 0 native plugins for Editor in 0.00 ms.
Unloading 1168 Unused Serialized files (Serialized files now loaded: 0)
System memory in use before: 137.2 MB.
System memory in use after: 137.2 MB.

Unloading 6 unused Assets to reduce memory usage. Loaded Objects now: 1719.
Total: 1.859808 ms (FindLiveObjects: 0.159142 ms CreateObjectMapping: 0.039828 ms MarkObjects: 1.599893 ms  DeleteObjects: 0.059235 ms)

========================================================================
Received Prepare
Registering precompiled user dll's ...
Registered in 0.001235 seconds.
Begin MonoManager ReloadAssembly
Native extension for OSXStandalone target not found
Refreshing native plugins compatible for Editor in 0.25 ms, found 1 plugins.
Preloading 0 native plugins for Editor in 0.00 ms.
Mono: successfully reloaded assembly
- Completed reload, in  1.511 seconds
Platform modules already initialized, skipping
Refreshing native plugins compatible for Editor in 0.27 ms, found 1 plugins.
Preloading 0 native plugins for Editor in 0.00 ms.
Unloading 1168 Unused Serialized files (Serialized files now loaded: 0)
System memory in use before: 137.5 MB.
System memory in use after: 137.5 MB.

Unloading 6 unused Assets to reduce memory usage. Loaded Objects now: 1721.
Total: 2.331710 ms (FindLiveObjects: 0.215119 ms CreateObjectMapping: 0.086748 ms MarkObjects: 1.978484 ms  DeleteObjects: 0.050129 ms)

========================================================================
Received Prepare
Registering precompiled user dll's ...
Registered in 0.000459 seconds.
Begin MonoManager ReloadAssembly
Native extension for OSXStandalone target not found
Refreshing native plugins compatible for Editor in 0.60 ms, found 1 plugins.
Preloading 0 native plugins for Editor in 0.00 ms.
Mono: successfully reloaded assembly
- Completed reload, in  1.153 seconds
Platform modules already initialized, skipping
Refreshing native plugins compatible for Editor in 0.29 ms, found 1 plugins.
Preloading 0 native plugins for Editor in 0.00 ms.
Unloading 1168 Unused Serialized files (Serialized files now loaded: 0)
System memory in use before: 137.8 MB.
System memory in use after: 137.8 MB.

Unloading 6 unused Assets to reduce memory usage. Loaded Objects now: 1723.
Total: 2.011312 ms (FindLiveObjects: 0.155551 ms CreateObjectMapping: 0.045894 ms MarkObjects: 1.761661 ms  DeleteObjects: 0.047222 ms)

========================================================================
Received Import Request.
  Time since last request: 1634.079272 seconds.
  path: Assets/DialogBox.controller
  artifactKey: Guid(193a7f7bfd6ef4911b4d5f392b2e3f3e) Importer(815301076,1909f56bfc062723c751e8b465ee728b)
Start importing Assets/DialogBox.controller using Guid(193a7f7bfd6ef4911b4d5f392b2e3f3e) Importer(815301076,1909f56bfc062723c751e8b465ee728b)  -> (artifact id: '17e52905529389508b9c3659e14af437') in 0.428811 seconds 
========================================================================
Received Import Request.
  Time since last request: 70.989498 seconds.
  path: Assets/DialogBox_Close.anim
  artifactKey: Guid(03dbc3aff2d8542c1950406dac5d25c1) Importer(815301076,1909f56bfc062723c751e8b465ee728b)
Start importing Assets/DialogBox_Close.anim using Guid(03dbc3aff2d8542c1950406dac5d25c1) Importer(815301076,1909f56bfc062723c751e8b465ee728b)  -> (artifact id: '1962550baf52ee38e10621ce7cc43c61') in 0.239866 seconds 
========================================================================
Received Prepare
Registering precompiled user dll's ...
Registered in 0.000701 seconds.
Begin MonoManager ReloadAssembly
Native extension for OSXStandalone target not found
Refreshing native plugins compatible for Editor in 0.61 ms, found 1 plugins.
Preloading 0 native plugins for Editor in 0.00 ms.
Mono: successfully reloaded assembly
- Completed reload, in  1.502 seconds
Platform modules already initialized, skipping
Refreshing native plugins compatible for Editor in 0.25 ms, found 1 plugins.
Preloading 0 native plugins for Editor in 0.00 ms.
Unloading 1168 Unused Serialized files (Serialized files now loaded: 0)
System memory in use before: 146.5 MB.
System memory in use after: 146.5 MB.

Unloading 6 unused Assets to reduce memory usage. Loaded Objects now: 1725.
Total: 1.914130 ms (FindLiveObjects: 0.176881 ms CreateObjectMapping: 0.041535 ms MarkObjects: 1.637905 ms  DeleteObjects: 0.056895 ms)

========================================================================
Received Prepare
Registering precompiled user dll's ...
Registered in 0.000385 seconds.
Begin MonoManager ReloadAssembly
Native extension for OSXStandalone target not found
Refreshing native plugins compatible for Editor in 0.36 ms, found 1 plugins.
Preloading 0 native plugins for Editor in 0.00 ms.
Mono: successfully reloaded assembly
- Completed reload, in  1.367 seconds
Platform modules already initialized, skipping
Refreshing native plugins compatible for Editor in 0.25 ms, found 1 plugins.
Preloading 0 native plugins for Editor in 0.00 ms.
Unloading 1168 Unused Serialized files (Serialized files now loaded: 0)
System memory in use before: 146.8 MB.
System memory in use after: 146.8 MB.

Unloading 6 unused Assets to reduce memory usage. Loaded Objects now: 1727.
Total: 5.045080 ms (FindLiveObjects: 0.204415 ms CreateObjectMapping: 0.081284 ms MarkObjects: 4.675566 ms  DeleteObjects: 0.082260 ms)

========================================================================
Received Prepare
Registering precompiled user dll's ...
Registered in 0.000617 seconds.
Begin MonoManager ReloadAssembly
Native extension for OSXStandalone target not found
Refreshing native plugins compatible for Editor in 0.25 ms, found 1 plugins.
Preloading 0 native plugins for Editor in 0.00 ms.
Mono: successfully reloaded assembly
- Completed reload, in  1.158 seconds
Platform modules already initialized, skipping
Refreshing native plugins compatible for Editor in 0.25 ms, found 1 plugins.
Preloading 0 native plugins for Editor in 0.00 ms.
Unloading 1168 Unused Serialized files (Serialized files now loaded: 0)
System memory in use before: 147.1 MB.
System memory in use after: 147.1 MB.

Unloading 6 unused Assets to reduce memory usage. Loaded Objects now: 1729.
Total: 2.619805 ms (FindLiveObjects: 0.244799 ms CreateObjectMapping: 0.051995 ms MarkObjects: 2.266195 ms  DeleteObjects: 0.055575 ms)

